c:\users\brandon\dropbox\set\y1s2\advanced software techniques\assignment #4\asta4\asta4\debug\vc120.pdb
c:\users\brandon\dropbox\set\y1s2\advanced software techniques\assignment #4\asta4\asta4\debug\vc120.idb
c:\users\brandon\dropbox\set\y1s2\advanced software techniques\assignment #4\asta4\asta4\debug\address.obj
c:\users\brandon\dropbox\set\y1s2\advanced software techniques\assignment #4\asta4\asta4\debug\main.obj
c:\users\brandon\dropbox\set\y1s2\advanced software techniques\assignment #4\asta4\asta4\debug\asta4.obj
c:\users\brandon\appdata\local\temp\lnk{25fa14fa-efdd-4d27-9314-e2118ae1ceb7}.tmp
c:\users\brandon\appdata\local\temp\lnk{04a3812f-cb61-4f04-bfba-3309d94a83ab}.tmp
c:\users\brandon\dropbox\set\y1s2\advanced software techniques\assignment #4\asta4\debug\asta4.ilk
c:\users\brandon\dropbox\set\y1s2\advanced software techniques\assignment #4\asta4\debug\asta4.exe
c:\users\brandon\dropbox\set\y1s2\advanced software techniques\assignment #4\asta4\debug\asta4.pdb
c:\users\brandon\dropbox\set\y1s2\advanced software techniques\assignment #4\asta4\asta4\debug\asta4.tlog\cl.command.1.tlog
c:\users\brandon\dropbox\set\y1s2\advanced software techniques\assignment #4\asta4\asta4\debug\asta4.tlog\cl.read.1.tlog
c:\users\brandon\dropbox\set\y1s2\advanced software techniques\assignment #4\asta4\asta4\debug\asta4.tlog\cl.write.1.tlog
c:\users\brandon\dropbox\set\y1s2\advanced software techniques\assignment #4\asta4\asta4\debug\asta4.tlog\link.940-cvtres.read.1.tlog
c:\users\brandon\dropbox\set\y1s2\advanced software techniques\assignment #4\asta4\asta4\debug\asta4.tlog\link.940-cvtres.write.1.tlog
c:\users\brandon\dropbox\set\y1s2\advanced software techniques\assignment #4\asta4\asta4\debug\asta4.tlog\link.940-rc.read.1.tlog
c:\users\brandon\dropbox\set\y1s2\advanced software techniques\assignment #4\asta4\asta4\debug\asta4.tlog\link.940-rc.write.1.tlog
c:\users\brandon\dropbox\set\y1s2\advanced software techniques\assignment #4\asta4\asta4\debug\asta4.tlog\link.940.read.1.tlog
c:\users\brandon\dropbox\set\y1s2\advanced software techniques\assignment #4\asta4\asta4\debug\asta4.tlog\link.940.write.1.tlog
c:\users\brandon\dropbox\set\y1s2\advanced software techniques\assignment #4\asta4\asta4\debug\asta4.tlog\link.command.1.tlog
c:\users\brandon\dropbox\set\y1s2\advanced software techniques\assignment #4\asta4\asta4\debug\asta4.tlog\link.read.1.tlog
c:\users\brandon\dropbox\set\y1s2\advanced software techniques\assignment #4\asta4\asta4\debug\asta4.tlog\link.write.1.tlog
