c:\users\brandon\dropbox\set\y1s2\data structures\assignment 1\dsa1\dsa1\debug\vc120.pdb
c:\users\brandon\dropbox\set\y1s2\data structures\assignment 1\dsa1\dsa1\debug\vc120.idb
c:\users\brandon\dropbox\set\y1s2\data structures\assignment 1\dsa1\dsa1\debug\dsa1.obj
c:\users\brandon\dropbox\set\y1s2\data structures\assignment 1\dsa1\dsa1\debug\linklist.obj
c:\users\brandon\dropbox\set\y1s2\data structures\assignment 1\dsa1\debug\dsa1.ilk
c:\users\brandon\dropbox\set\y1s2\data structures\assignment 1\dsa1\debug\dsa1.exe
c:\users\brandon\dropbox\set\y1s2\data structures\assignment 1\dsa1\debug\dsa1.pdb
c:\users\brandon desktop\dropbox\set\y1s2\data structures\assignment 1\dsa1\dsa1\debug\dsa1.obj
c:\users\brandon desktop\dropbox\set\y1s2\data structures\assignment 1\dsa1\dsa1\debug\linklist.obj
c:\users\brandon desktop\dropbox\set\y1s2\data structures\assignment 1\dsa1\dsa1\debug\vc120.idb
c:\users\brandon desktop\dropbox\set\y1s2\data structures\assignment 1\dsa1\dsa1\debug\vc120.pdb
c:\users\brandon desktop\dropbox\set\y1s2\data structures\assignment 1\dsa1\debug\dsa1.pdb
c:\users\brandon desktop\dropbox\set\y1s2\data structures\assignment 1\dsa1\debug\dsa1.exe
c:\users\brandon desktop\dropbox\set\y1s2\data structures\assignment 1\dsa1\debug\dsa1.ilk
c:\users\brandon desktop\dropbox\set\y1s2\data structures\assignment 1\dsa1\dsa1\debug\dsa1.tlog\cl.command.1.tlog
c:\users\brandon desktop\dropbox\set\y1s2\data structures\assignment 1\dsa1\dsa1\debug\dsa1.tlog\cl.read.1.tlog
c:\users\brandon desktop\dropbox\set\y1s2\data structures\assignment 1\dsa1\dsa1\debug\dsa1.tlog\cl.write.1.tlog
c:\users\brandon desktop\dropbox\set\y1s2\data structures\assignment 1\dsa1\dsa1\debug\dsa1.tlog\link.command.1.tlog
c:\users\brandon desktop\dropbox\set\y1s2\data structures\assignment 1\dsa1\dsa1\debug\dsa1.tlog\link.read.1.tlog
c:\users\brandon desktop\dropbox\set\y1s2\data structures\assignment 1\dsa1\dsa1\debug\dsa1.tlog\link.write.1.tlog
